<?xml version="1.0" encoding="UTF-8"?>
<!-- Generated by org.testng.reporters.JUnitReportReporter -->
<testsuite skipped="0" hostname="Ashish" name="runner_Selected_Scenario.TestRunner" tests="4" failures="2" timestamp="2023-01-24T21:12:14 IST" time="585.491" errors="1">
  <testcase name="runScenario" time="248.799" classname="runner_Selected_Scenario.TestRunner">
    <failure type="java.lang.AssertionError" message="expected [true] but found [false]">
      <![CDATA[java.lang.AssertionError: expected [true] but found [false]
at org.testng.Assert.fail(Assert.java:97)
at org.testng.Assert.failNotEquals(Assert.java:969)
at org.testng.Assert.assertTrue(Assert.java:43)
at org.testng.Assert.assertTrue(Assert.java:53)
at stepDefinations.VtigerLeadTestCases.verify_lead_is_created_with(VtigerLeadTestCases.java:57)
at ✽.verify lead is created with "Jack"(file:///D:/Automation%20Testing/SeleniumBDDProject/src/test/resources/features/vtigerLead.feature:12)
]]>
    </failure>
  </testcase> <!-- runScenario -->
  <system-out/>
  <testcase name="runScenario" time="136.314" classname="runner_Selected_Scenario.TestRunner"/>
  <system-out/>
  <testcase name="runScenario" time="109.560" classname="runner_Selected_Scenario.TestRunner">
    <failure type="java.lang.AssertionError" message="expected [true] but found [false]">
      <![CDATA[java.lang.AssertionError: expected [true] but found [false]
at org.testng.Assert.fail(Assert.java:97)
at org.testng.Assert.failNotEquals(Assert.java:969)
at org.testng.Assert.assertTrue(Assert.java:43)
at org.testng.Assert.assertTrue(Assert.java:53)
at stepDefinations.ActitimeLogin.user_click_on_the_login_button(ActitimeLogin.java:33)
at ✽.User click on the login button(file:///D:/Automation%20Testing/SeleniumBDDProject/src/test/resources/features/actitimeLogin.feature:7)
]]>
    </failure>
  </testcase> <!-- runScenario -->
  <system-out/>
  <testcase name="runScenario" time="90.818" classname="runner_Selected_Scenario.TestRunner">
    <error type="org.openqa.selenium.ElementClickInterceptedException" message="element click intercepted: Element &lt;button type=&quot;button&quot; class=&quot;btn btn-default&quot; id=&quot;Leads_listView_massAction_LBL_DELETE&quot; href=&quot;javascript:void(0);&quot; onclick=&quot;Vtiger_List_Js.massDeleteRecords(&amp;quot;index.php?module=Leads&amp;amp;action=MassDelete&amp;quot;);&quot; title=&quot;Delete&quot;&gt;...&lt;/button&gt; is not clickable at point (352, 109). Other element would receive the click: &lt;div id=&quot;messageBar&quot; class=&quot;&quot;&gt;...&lt;/div&gt;
  (Session info: chrome=109.0.5414.75)
Build info: version: &#039;4.1.2&#039;, revision: &#039;9a5a329c5a&#039;
System info: host: &#039;ASHISH&#039;, ip: &#039;192.168.43.187&#039;, os.name: &#039;Windows 10&#039;, os.arch: &#039;amd64&#039;, os.version: &#039;10.0&#039;, java.version: &#039;1.8.0_351&#039;
Driver info: org.openqa.selenium.chrome.ChromeDriver
Command: [ea2ad5b1444884423bc5298ec2ea76d1, clickElement {id=9e06d0df-e08e-44b5-97f4-ecbfa66d95c5}]
Capabilities {acceptInsecureCerts: false, browserName: chrome, browserVersion: 109.0.5414.75, chrome: {chromedriverVersion: 109.0.5414.74 (e7c5703604da..., userDataDir: C:\Users\SSB\AppData\Local\...}, goog:chromeOptions: {debuggerAddress: localhost:50724}, javascriptEnabled: true, networkConnectionEnabled: false, pageLoadStrategy: normal, platform: WINDOWS, platformName: WINDOWS, proxy: Proxy(), se:cdp: ws://localhost:50724/devtoo..., se:cdpVersion: 109.0.5414.75, setWindowRect: true, strictFileInteractability: false, timeouts: {implicit: 0, pageLoad: 300000, script: 30000}, unhandledPromptBehavior: dismiss and notify, webauthn:extension:credBlob: true, webauthn:extension:largeBlob: true, webauthn:virtualAuthenticators: true}
Element: [[ChromeDriver: chrome on WINDOWS (ea2ad5b1444884423bc5298ec2ea76d1)] -&gt; xpath: //button[@title=&#039;Delete&#039;]]
Session ID: ea2ad5b1444884423bc5298ec2ea76d1">
      <![CDATA[org.openqa.selenium.ElementClickInterceptedException: element click intercepted: Element <button type="button" class="btn btn-default" id="Leads_listView_massAction_LBL_DELETE" href="javascript:void(0);" onclick="Vtiger_List_Js.massDeleteRecords(&quot;index.php?module=Leads&amp;action=MassDelete&quot;);" title="Delete">...</button> is not clickable at point (352, 109). Other element would receive the click: <div id="messageBar" class="">...</div>
  (Session info: chrome=109.0.5414.75)
Build info: version: '4.1.2', revision: '9a5a329c5a'
System info: host: 'ASHISH', ip: '192.168.43.187', os.name: 'Windows 10', os.arch: 'amd64', os.version: '10.0', java.version: '1.8.0_351'
Driver info: org.openqa.selenium.chrome.ChromeDriver
Command: [ea2ad5b1444884423bc5298ec2ea76d1, clickElement {id=9e06d0df-e08e-44b5-97f4-ecbfa66d95c5}]
Capabilities {acceptInsecureCerts: false, browserName: chrome, browserVersion: 109.0.5414.75, chrome: {chromedriverVersion: 109.0.5414.74 (e7c5703604da..., userDataDir: C:\Users\SSB\AppData\Local\...}, goog:chromeOptions: {debuggerAddress: localhost:50724}, javascriptEnabled: true, networkConnectionEnabled: false, pageLoadStrategy: normal, platform: WINDOWS, platformName: WINDOWS, proxy: Proxy(), se:cdp: ws://localhost:50724/devtoo..., se:cdpVersion: 109.0.5414.75, setWindowRect: true, strictFileInteractability: false, timeouts: {implicit: 0, pageLoad: 300000, script: 30000}, unhandledPromptBehavior: dismiss and notify, webauthn:extension:credBlob: true, webauthn:extension:largeBlob: true, webauthn:virtualAuthenticators: true}
Element: [[ChromeDriver: chrome on WINDOWS (ea2ad5b1444884423bc5298ec2ea76d1)] -> xpath: //button[@title='Delete']]
Session ID: ea2ad5b1444884423bc5298ec2ea76d1
at sun.reflect.NativeConstructorAccessorImpl.newInstance0(Native Method)
at sun.reflect.NativeConstructorAccessorImpl.newInstance(Unknown Source)
at sun.reflect.DelegatingConstructorAccessorImpl.newInstance(Unknown Source)
at java.lang.reflect.Constructor.newInstance(Unknown Source)
at org.openqa.selenium.remote.codec.w3c.W3CHttpResponseCodec.createException(W3CHttpResponseCodec.java:200)
at org.openqa.selenium.remote.codec.w3c.W3CHttpResponseCodec.decode(W3CHttpResponseCodec.java:133)
at org.openqa.selenium.remote.codec.w3c.W3CHttpResponseCodec.decode(W3CHttpResponseCodec.java:53)
at org.openqa.selenium.remote.HttpCommandExecutor.execute(HttpCommandExecutor.java:184)
at org.openqa.selenium.remote.service.DriverCommandExecutor.invokeExecute(DriverCommandExecutor.java:167)
at org.openqa.selenium.remote.service.DriverCommandExecutor.execute(DriverCommandExecutor.java:142)
at org.openqa.selenium.remote.RemoteWebDriver.execute(RemoteWebDriver.java:558)
at org.openqa.selenium.remote.RemoteWebElement.execute(RemoteWebElement.java:251)
at org.openqa.selenium.remote.RemoteWebElement.click(RemoteWebElement.java:77)
at sun.reflect.GeneratedMethodAccessor5.invoke(Unknown Source)
at sun.reflect.DelegatingMethodAccessorImpl.invoke(Unknown Source)
at java.lang.reflect.Method.invoke(Unknown Source)
at org.openqa.selenium.support.pagefactory.internal.LocatingElementHandler.invoke(LocatingElementHandler.java:52)
at com.sun.proxy.$Proxy29.click(Unknown Source)
at utility.SeleniumUtility.clickOnElement(SeleniumUtility.java:119)
at com.Vtiger.Pages.VtigerLeadPage.clickOnDeleteBtn(VtigerLeadPage.java:84)
at stepDefinations.VtigerLeadTestCases.user_clik_on_the_delete_button(VtigerLeadTestCases.java:67)
at ✽.user clik on the delete button(file:///D:/Automation%20Testing/SeleniumBDDProject/src/test/resources/features/vtigerLead.feature:22)
]]>
    </error>
  </testcase> <!-- runScenario -->
  <system-out/>
</testsuite> <!-- runner_Selected_Scenario.TestRunner -->
